<?xml version="1.0" encoding="UTF-8"?>
<!-- Generated by org.testng.reporters.JUnitReportReporter -->
<testsuite hostname="DESKTOP-P99ESTE" failures="0" tests="1" name="testcases.SearchTestCases" time="20.066" errors="0" timestamp="2023-10-20T09:05:12 IST" skipped="0">
  <testcase classname="testcases.SearchTestCases" name="Search" time="20.066"/>
</testsuite> <!-- testcases.SearchTestCases -->
