<?xml version="1.0" encoding="UTF-8"?>
<!-- Generated by org.testng.reporters.JUnitReportReporter -->
<testsuite hostname="DESKTOP-P99ESTE" failures="0" tests="1" name="testcases.logintestcases" time="6.896" errors="0" timestamp="2023-10-20T09:05:12 IST" skipped="0">
  <testcase classname="testcases.logintestcases" name="Login" time="6.896"/>
</testsuite> <!-- testcases.logintestcases -->
